Arguments: 
  /usr/local/bin/node /usr/local/Cellar/yarn/1.22.17/libexec/bin/yarn.js add bootstrap react boot-strap

PATH: 
  /Users/xiaoyuzhao/bin:/Users/xiaoyuzhao/.local/share/solana/install/active_release/bin:/Users/xiaoyuzhao/.cargo/bin:/opt/anaconda3/envs/Python36/bin:/opt/anaconda3/condabin:/Library/Frameworks/Python.framework/Versions/3.9/bin:/usr/local/bin:/usr/bin:/bin:/usr/sbin:/sbin:/Users/xiaoyuzhao/.local/share/solana/install/active_release/bin:$PATH:/Library/Frameworks/Mono.framework/Versions/Current/Commands:/usr/local/apache-maven-3.3.9/bin:/Users/xiaoyuzhao/Desktop/apache-maven-3.8.1/bin:/Users/xiaoyuzhao/Desktop/xiaoyu/bin:/usr/local/mysql/bin

Yarn version: 
  1.22.17

Node version: 
  16.8.0

Platform: 
  darwin x64

Trace: 
  Error: https://registry.npmjs.org/boot-strap: Not found
      at Request.params.callback [as _callback] (/usr/local/Cellar/yarn/1.22.17/libexec/lib/cli.js:67029:18)
      at Request.self.callback (/usr/local/Cellar/yarn/1.22.17/libexec/lib/cli.js:140883:22)
      at Request.emit (node:events:394:28)
      at Request.<anonymous> (/usr/local/Cellar/yarn/1.22.17/libexec/lib/cli.js:141855:10)
      at Request.emit (node:events:394:28)
      at IncomingMessage.<anonymous> (/usr/local/Cellar/yarn/1.22.17/libexec/lib/cli.js:141777:12)
      at Object.onceWrapper (node:events:513:28)
      at IncomingMessage.emit (node:events:406:35)
      at endReadableNT (node:internal/streams/readable:1343:12)
      at processTicksAndRejections (node:internal/process/task_queues:83:21)

npm manifest: 
  {
    "name": "nft",
    "version": "0.1.0",
    "private": true,
    "dependencies": {
      "@testing-library/jest-dom": "^5.16.4",
      "@testing-library/react": "^13.1.1",
      "@testing-library/user-event": "^13.5.0",
      "react": "^18.1.0",
      "react-dom": "^18.1.0",
      "react-scripts": "5.0.1",
      "web-vitals": "^2.1.4"
    },
    "scripts": {
      "start": "react-scripts start",
      "build": "react-scripts build",
      "test": "react-scripts test",
      "eject": "react-scripts eject"
    },
    "eslintConfig": {
      "extends": [
        "react-app",
        "react-app/jest"
      ]
    },
    "browserslist": {
      "production": [
        ">0.2%",
        "not dead",
        "not op_mini all"
      ],
      "development": [
        "last 1 chrome version",
        "last 1 firefox version",
        "last 1 safari version"
      ]
    }
  }

yarn manifest: 
  No manifest

Lockfile: 
  No lockfile
